\BOOKMARK [0][-]{dummy.2}{\376\377\000L\000i\000s\000t\000\040\000o\000f\000\040\000F\000i\000g\000u\000r\000e\000s}{}% 1
\BOOKMARK [0][-]{dummy.4}{\376\377\000L\000i\000s\000t\000\040\000o\000f\000\040\000T\000a\000b\000l\000e\000s}{}% 2
\BOOKMARK [0][-]{dummy.6}{\376\377\000A\000b\000b\000r\000e\000v\000i\000a\000t\000i\000o\000n\000s}{}% 3
\BOOKMARK [0][-]{dummy.9}{\376\377\000C\000o\000n\000s\000t\000a\000n\000t\000s}{}% 4
\BOOKMARK [0][-]{dummy.12}{\376\377\000S\000y\000m\000b\000o\000l\000s}{}% 5
\BOOKMARK [0][-]{chapter.15}{\376\377\0001\000\040\000I\000n\000t\000r\000o\000d\000u\000c\000t\000i\000o\000n}{}% 6
\BOOKMARK [1][-]{section.17}{\376\377\0001\000.\0001\000\040\000C\000h\000a\000l\000c\000o\000g\000e\000n\000\040\000B\000o\000n\000d\000i\000n\000g}{chapter.15}% 7
\BOOKMARK [2][-]{subsection.18}{\376\377\0001\000.\0001\000.\0001\000\040\000M\000e\000c\000h\000a\000n\000i\000s\000m\000s}{section.17}% 8
\BOOKMARK [1][-]{section.19}{\376\377\0001\000.\0002\000\040\000A\000p\000p\000l\000i\000c\000a\000t\000i\000o\000n\000s\000\040\000o\000f\000\040\000C\000h\000-\000B\000o\000n\000d\000i\000n\000g}{chapter.15}% 9
\BOOKMARK [2][-]{subsection.20}{\376\377\0001\000.\0002\000.\0001\000\040\000M\000a\000t\000e\000r\000i\000a\000l\000s}{section.19}% 10
\BOOKMARK [2][-]{subsection.21}{\376\377\0001\000.\0002\000.\0002\000\040\000C\000a\000t\000a\000l\000y\000s\000i\000s\000\040\000a\000n\000d\000\040\000b\000o\000n\000d\000\040\000a\000c\000t\000i\000v\000a\000t\000i\000o\000n}{section.19}% 11
\BOOKMARK [2][-]{subsection.22}{\376\377\0001\000.\0002\000.\0003\000\040\000B\000i\000o\000l\000o\000g\000i\000c\000a\000l\000\040\000s\000y\000s\000t\000e\000m\000s}{section.19}% 12
\BOOKMARK [3][-]{subsubsection.23}{\376\377\0001\000.\0002\000.\0003\000.\0001\000\040\000P\000r\000o\000t\000e\000i\000n\000s}{subsection.22}% 13
\BOOKMARK [3][-]{subsubsection.24}{\376\377\0001\000.\0002\000.\0003\000.\0002\000\040\000N\000u\000c\000l\000e\000i\000c\000\040\000a\000c\000i\000d\000s}{subsection.22}% 14
\BOOKMARK [0][-]{chapter.25}{\376\377\0002\000\040\000E\000x\000p\000e\000r\000i\000m\000e\000n\000t\000a\000l\000\040\000m\000e\000t\000h\000o\000d\000s}{}% 15
\BOOKMARK [1][-]{section.26}{\376\377\0002\000.\0001\000\040\000G\000e\000n\000e\000r\000a\000l\000\040\000s\000y\000n\000t\000h\000e\000s\000i\000s}{chapter.25}% 16
\BOOKMARK [1][-]{section.27}{\376\377\0002\000.\0002\000\040\000N\000u\000c\000l\000e\000a\000r\000\040\000m\000a\000g\000n\000e\000t\000i\000c\000\040\000r\000e\000s\000o\000n\000a\000n\000c\000e}{chapter.25}% 17
\BOOKMARK [1][-]{section.28}{\376\377\0002\000.\0003\000\040\000M\000a\000s\000s\000\040\000s\000p\000e\000c\000t\000r\000o\000m\000e\000t\000r\000y}{chapter.25}% 18
\BOOKMARK [1][-]{section.29}{\376\377\0002\000.\0004\000\040\000U\000V\000-\000v\000i\000s\000\040\000s\000p\000e\000c\000t\000r\000o\000s\000c\000o\000p\000y}{chapter.25}% 19
\BOOKMARK [1][-]{section.30}{\376\377\0002\000.\0005\000\040\000X\000-\000r\000a\000y\000\040\000d\000i\000f\000f\000r\000a\000c\000t\000i\000o\000n}{chapter.25}% 20
\BOOKMARK [2][-]{subsection.31}{\376\377\0002\000.\0005\000.\0001\000\040\000C\000h\000a\000r\000g\000e\000\040\000d\000e\000n\000s\000i\000t\000y\000\040\000r\000e\000f\000i\000n\000e\000m\000e\000n\000t}{section.30}% 21
\BOOKMARK [0][-]{chapter.32}{\376\377\0003\000\040\000S\000i\000m\000u\000l\000a\000t\000i\000n\000g\000\040\000c\000h\000a\000l\000c\000o\000g\000e\000n\000\040\000b\000o\000n\000d\000i\000n\000g\000\040\000u\000s\000i\000n\000g\000\040\000m\000o\000l\000e\000c\000u\000l\000a\000r\000\040\000m\000e\000c\000h\000a\000n\000i\000c\000s\000:\000\040\000A\000\040\000p\000s\000e\000u\000d\000o\000a\000t\000o\000m\000\040\000a\000p\000p\000r\000o\000a\000c\000h\000\040\000t\000o\000\040\000m\000o\000d\000e\000l\000\040\000e\000b\000s\000e\000l\000e\000n\000.}{}% 22
\BOOKMARK [1][-]{section.33}{\376\377\0003\000.\0001\000\040\000I\000n\000t\000r\000o\000d\000u\000c\000t\000i\000o\000n}{chapter.32}% 23
\BOOKMARK [1][-]{section.35}{\376\377\0003\000.\0002\000\040\000R\000e\000s\000u\000l\000t\000s\000\040\000a\000n\000d\000\040\000D\000i\000s\000c\000u\000s\000s\000i\000o\000n}{chapter.32}% 24
\BOOKMARK [2][-]{subsection.36}{\376\377\0003\000.\0002\000.\0001\000\040\000C\000l\000a\000s\000s\000i\000c\000a\000l\000\040\000b\000o\000n\000d\000i\000n\000g\000\040\000p\000a\000r\000a\000m\000e\000t\000e\000r\000s}{section.35}% 25
\BOOKMARK [2][-]{subsection.41}{\376\377\0003\000.\0002\000.\0002\000\040\000E\000n\000e\000r\000g\000y\000\040\000d\000e\000c\000o\000m\000p\000o\000s\000i\000t\000i\000o\000n\000\040\000a\000n\000a\000l\000y\000s\000i\000s}{section.35}% 26
\BOOKMARK [2][-]{subsection.44}{\376\377\0003\000.\0002\000.\0003\000\040\000I\000n\000c\000o\000r\000p\000o\000r\000a\000t\000i\000o\000n\000\040\000o\000f\000\040\000p\000s\000e\000u\000d\000o\000a\000t\000o\000m}{section.35}% 27
\BOOKMARK [2][-]{subsection.47}{\376\377\0003\000.\0002\000.\0004\000\040\000E\000l\000e\000c\000t\000r\000o\000s\000t\000a\000t\000i\000c\000\040\000p\000o\000t\000e\000n\000t\000i\000a\000l\000\040\000m\000a\000p}{section.35}% 28
\BOOKMARK [2][-]{subsection.49}{\376\377\0003\000.\0002\000.\0005\000\040\000V\000a\000l\000i\000d\000a\000t\000i\000o\000n\000\040\000a\000g\000a\000i\000n\000s\000t\000\040\000D\000F\000T\000\040\000g\000e\000o\000m\000e\000t\000r\000i\000e\000s}{section.35}% 29
\BOOKMARK [2][-]{subsection.52}{\376\377\0003\000.\0002\000.\0006\000\040\000V\000a\000l\000i\000d\000a\000t\000i\000o\000n\000\040\000a\000g\000a\000i\000n\000s\000t\000\040\000e\000x\000p\000e\000r\000i\000m\000e\000n\000t\000a\000l\000\040\000m\000e\000l\000t\000i\000n\000g\000\040\000p\000o\000i\000n\000t}{section.35}% 30
\BOOKMARK [2][-]{subsection.54}{\376\377\0003\000.\0002\000.\0007\000\040\000V\000a\000l\000i\000d\000a\000t\000i\000o\000n\000\040\000a\000g\000a\000i\000n\000s\000t\000\040\000S\000O\000D\0001\000\040\000b\000i\000n\000d\000i\000n\000g}{section.35}% 31
\BOOKMARK [1][-]{section.56}{\376\377\0003\000.\0003\000\040\000C\000o\000n\000c\000l\000u\000s\000i\000o\000n}{chapter.32}% 32
\BOOKMARK [-1][]{part.57}{\376\377\000I\000\040\000T\000h\000e\000\040\000s\000t\000r\000e\000n\000g\000t\000h\000\040\000a\000n\000d\000\040\000n\000a\000t\000u\000r\000e\000\040\000o\000f\000\040\000c\000h\000a\000l\000c\000o\000g\000e\000n\000\040\000b\000o\000n\000d\000i\000n\000g}{}% 33
\BOOKMARK [0][-]{chapter.58}{\376\377\0004\000\040\000I\000n\000s\000i\000g\000h\000t\000s\000\040\000f\000r\000o\000m\000\040\000c\000o\000-\000c\000r\000y\000s\000t\000a\000l\000\040\000s\000t\000r\000u\000c\000t\000u\000r\000e\000s}{part.57}% 34
\BOOKMARK [1][-]{section.60}{\376\377\0004\000.\0001\000\040\000A\000b\000s\000t\000r\000a\000c\000t}{chapter.58}% 35
\BOOKMARK [1][-]{section.61}{\376\377\0004\000.\0002\000\040\000I\000n\000t\000r\000o\000d\000u\000c\000t\000i\000o\000n}{chapter.58}% 36
\BOOKMARK [1][-]{section.63}{\376\377\0004\000.\0003\000\040\000R\000e\000s\000u\000l\000t\000s\000\040\000a\000n\000d\000\040\000D\000i\000s\000c\000u\000s\000s\000i\000o\000n}{chapter.58}% 37
\BOOKMARK [2][-]{subsection.64}{\376\377\0004\000.\0003\000.\0001\000\040\000S\000y\000n\000t\000h\000e\000s\000i\000s\000\040\000o\000f\000\040\000b\000e\000n\000z\000i\000s\000o\000s\000e\000l\000e\000n\000a\000z\000o\000l\000o\000n\000e\000\040\000d\000e\000r\000i\000v\000a\000t\000i\000v\000e\000s\000\040\000e\000b\000s\000.\000p\000h\000,\000e\000b\000s\000.\000b\000n}{section.63}% 38
\BOOKMARK [1][-]{section.66}{\376\377\0004\000.\0004\000\040\000C\000o\000-\000c\000r\000y\000s\000t\000a\000l\000\040\000s\000t\000r\000u\000c\000t\000u\000r\000e\000s\000\040\000o\000f\000\040\000b\000e\000n\000z\000i\000s\000o\000s\000e\000l\000e\000n\000a\000z\000o\000l\000i\000n\000o\000n\000e\000s\000\040\000a\000n\000d\000\040\000L\000e\000w\000i\000s\000\040\000b\000a\000s\000e\000s}{chapter.58}% 39
\BOOKMARK [2][-]{subsection.67}{\376\377\0004\000.\0004\000.\0001\000\040\000E\000f\000f\000e\000c\000t\000s\000\040\000o\000f\000\040\000t\000h\000e\000\040\000b\000e\000n\000z\000i\000s\000o\000s\000e\000l\000e\000n\000a\000z\000o\000l\000o\000n\000e\000\040\000o\000n\000\040\000C\000h\000-\000b\000o\000n\000d\000\040\000s\000t\000r\000e\000n\000g\000t\000h}{section.66}% 40
\BOOKMARK [2][-]{subsection.68}{\376\377\0004\000.\0004\000.\0002\000\040\000E\000n\000d\000o\000c\000y\000c\000l\000i\000c\000\040\000b\000o\000n\000d\000\040\000l\000e\000n\000g\000t\000h\000e\000n\000i\000n\000g\000\040\000a\000s\000s\000o\000c\000i\000a\000t\000e\000d\000\040\000w\000i\000t\000h\000\040\000s\000t\000r\000o\000n\000g\000e\000r\000\040\000c\000o\000m\000p\000l\000e\000x\000e\000s}{section.66}% 41
\BOOKMARK [2][-]{subsection.70}{\376\377\0004\000.\0004\000.\0003\000\040\000H\000-\000b\000o\000n\000d\000\040\000e\000n\000h\000a\000n\000c\000e\000d\000\040\000C\000h\000-\000b\000o\000n\000d\000i\000n\000g}{section.66}% 42
\BOOKMARK [2][-]{subsection.72}{\376\377\0004\000.\0004\000.\0004\000\040\000E\000f\000f\000e\000c\000t\000s\000\040\000o\000f\000\040\000t\000h\000e\000\040\000L\000e\000w\000i\000s\000\040\000b\000a\000s\000e\000\040\000o\000n\000\040\000C\000h\000-\000b\000o\000n\000d\000\040\000s\000t\000r\000e\000n\000g\000t\000h}{section.66}% 43
\BOOKMARK [2][-]{subsection.77}{\376\377\0004\000.\0004\000.\0005\000\040\000D\000F\000T\000\040\000i\000n\000t\000e\000r\000a\000c\000t\000i\000o\000n\000\040\000e\000n\000e\000r\000g\000i\000e\000s\000,\000\040\000N\000B\000O\000\040\000a\000n\000d\000\040\000N\000E\000D\000A\000\040\000a\000n\000a\000l\000y\000s\000i\000s}{section.66}% 44
\BOOKMARK [1][-]{section.80}{\376\377\0004\000.\0005\000\040\000C\000o\000n\000c\000l\000u\000s\000i\000o\000n}{chapter.58}% 45
\BOOKMARK [1][-]{section.81}{\376\377\0004\000.\0006\000\040\000S\000u\000p\000p\000l\000e\000m\000e\000n\000t\000a\000r\000y\000\040\000m\000a\000t\000e\000r\000i\000a\000l\000s}{chapter.58}% 46
\BOOKMARK [2][-]{subsection.82}{\376\377\0004\000.\0006\000.\0001\000\040\000S\000y\000n\000t\000h\000e\000t\000i\000c\000\040\000p\000r\000o\000c\000e\000d\000u\000r\000e\000s}{section.81}% 47
\BOOKMARK [3][-]{subsubsection.83}{\376\377\0004\000.\0006\000.\0001\000.\0001\000\040\000P\000r\000e\000p\000a\000r\000a\000t\000i\000o\000n\000\040\000o\000f\000\040\000e\000b\000s\000.\000p\000h\000.}{subsection.82}% 48
\BOOKMARK [3][-]{subsubsection.84}{\376\377\0004\000.\0006\000.\0001\000.\0002\000\040\000P\000r\000e\000p\000a\000r\000a\000t\000i\000o\000n\000\040\000o\000f\000\040\000e\000b\000s\000.\000b\000n\000.}{subsection.82}% 49
\BOOKMARK [3][-]{subsubsection.85}{\376\377\0004\000.\0006\000.\0001\000.\0003\000\040\000P\000r\000e\000p\000a\000r\000a\000t\000i\000o\000n\000\040\000o\000f\000\040\000t\000e\000t\000r\000a\000c\000y\000c\000l\000e\000.}{subsection.82}% 50
\BOOKMARK [2][-]{subsection.86}{\376\377\0004\000.\0006\000.\0002\000\040\000C\000r\000y\000s\000t\000a\000l\000l\000o\000g\000r\000a\000p\000h\000i\000c\000\040\000d\000a\000t\000a}{section.81}% 51
\BOOKMARK [3][-]{subsubsection.87}{\376\377\0004\000.\0006\000.\0002\000.\0001\000\040\000C\000r\000y\000s\000t\000a\000l\000\040\000d\000a\000t\000a\000\040\000f\000o\000r\000\040\000e\000b\000s\000.\000p\000h\000D\000M\000A\000P}{subsection.86}% 52
\BOOKMARK [3][-]{subsubsection.88}{\376\377\0004\000.\0006\000.\0002\000.\0002\000\040\000C\000r\000y\000s\000t\000a\000l\000\040\000d\000a\000t\000a\000\040\000f\000o\000r\000\040\000e\000b\000s\000.\000b\000n}{subsection.86}% 53
\BOOKMARK [3][-]{subsubsection.89}{\376\377\0004\000.\0006\000.\0002\000.\0003\000\040\000C\000r\000y\000s\000t\000a\000l\000\040\000d\000a\000t\000a\000\040\000f\000o\000r\000\040\000e\000b\000s\000.\000b\000n\000D\000M\000A\000P\000H\0002\000O}{subsection.86}% 54
\BOOKMARK [3][-]{subsubsection.90}{\376\377\0004\000.\0006\000.\0002\000.\0004\000\040\000C\000r\000y\000s\000t\000a\000l\000\040\000d\000a\000t\000a\000\040\000f\000o\000r\000\040\000e\000b\000s\000.\000b\000n\000D\000M\000A\000P}{subsection.86}% 55
\BOOKMARK [3][-]{subsubsection.91}{\376\377\0004\000.\0006\000.\0002\000.\0005\000\040\000C\000r\000y\000s\000t\000a\000l\000\040\000d\000a\000t\000a\000\040\000f\000o\000r\000\040\000e\000b\000s\000.\000b\000n\000q\000u\000i\000n\000u\000c\000l\000i\000d\000i\000n\000e}{subsection.86}% 56
\BOOKMARK [3][-]{subsubsection.92}{\376\377\0004\000.\0006\000.\0002\000.\0006\000\040\000C\000r\000y\000s\000t\000a\000l\000\040\000d\000a\000t\000a\000\040\000f\000o\000r\000\040\000e\000b\000s\000.\000b\000n\000D\000A\000B\000C\000O}{subsection.86}% 57
\BOOKMARK [3][-]{subsubsection.93}{\376\377\0004\000.\0006\000.\0002\000.\0007\000\040\000C\000r\000y\000s\000t\000a\000l\000\040\000d\000a\000t\000a\000\040\000f\000o\000r\000\040\000t\000e\000t\000r\000a\000c\000y\000c\000l\000e}{subsection.86}% 58
\BOOKMARK [3][-]{subsubsection.94}{\376\377\0004\000.\0006\000.\0002\000.\0008\000\040\000C\000r\000y\000s\000t\000a\000l\000\040\000d\000a\000t\000a\000\040\000f\000o\000r\000\040\000t\000e\000t\000r\000a\000c\000y\000c\000l\000e\000p\000y\000r\000i\000d\000i\000n\000e}{subsection.86}% 59
\BOOKMARK [3][-]{subsubsection.95}{\376\377\0004\000.\0006\000.\0002\000.\0009\000\040\000C\000r\000y\000s\000t\000a\000l\000\040\000d\000a\000t\000a\000\040\000f\000o\000r\000\040\000t\000e\000t\000r\000a\000c\000y\000c\000l\000e\000D\000M\000A\000P}{subsection.86}% 60
\BOOKMARK [0][-]{chapter.96}{\376\377\0005\000\040\000H\000a\000m\000m\000e\000t\000t\000\040\000r\000e\000l\000a\000t\000i\000o\000n\000s\000h\000i\000p\000s\000\040\000a\000n\000d\000\040\000t\000h\000e\000\040\000s\000t\000r\000e\000n\000g\000t\000h\000\040\000o\000f\000\040\000t\000h\000e\000\040\000C\000h\000-\000b\000o\000n\000d}{part.57}% 61
\BOOKMARK [1][-]{section.97}{\376\377\0005\000.\0001\000\040\000I\000n\000t\000r\000o\000d\000u\000c\000t\000i\000o\000n}{chapter.96}% 62
\BOOKMARK [1][-]{section.98}{\376\377\0005\000.\0002\000\040\000R\000e\000s\000u\000l\000t\000s\000\040\000a\000n\000d\000\040\000d\000i\000s\000c\000u\000s\000s\000i\000o\000n}{chapter.96}% 63
\BOOKMARK [2][-]{subsection.109}{\376\377\0005\000.\0002\000.\0001\000\040\000H\000a\000m\000m\000e\000t\000t\000\040\000p\000l\000o\000t\000s\000\040\000o\000f\000\040\000b\000o\000n\000d\000\040\000l\000e\000n\000g\000t\000h\000s\000.}{section.98}% 64
\BOOKMARK [2][-]{subsection.117}{\376\377\0005\000.\0002\000.\0002\000\040\000S\000o\000l\000u\000t\000i\000o\000n\000-\000p\000h\000a\000s\000e\000\040\000s\000t\000u\000d\000i\000e\000s}{section.98}% 65
\BOOKMARK [3][-]{subsubsection.118}{\376\377\0005\000.\0002\000.\0002\000.\0001\000\040\000N\000M\000R\000\040\000t\000i\000t\000r\000a\000t\000i\000o\000n\000\040\000e\000x\000p\000e\000r\000i\000m\000e\000n\000t\000s}{subsection.117}% 66
\BOOKMARK [3][-]{subsubsection.128}{\376\377\0005\000.\0002\000.\0002\000.\0002\000\040\000U\000V\000-\000V\000i\000s\000\040\000t\000i\000t\000r\000a\000t\000i\000o\000n\000\040\000e\000x\000p\000e\000r\000i\000m\000e\000n\000t}{subsection.117}% 67
\BOOKMARK [2][-]{subsection.129}{\376\377\0005\000.\0002\000.\0003\000\040\000C\000h\000-\000b\000o\000n\000d\000i\000n\000g\000\040\000i\000n\000\040\000t\000h\000e\000\040\000g\000a\000s\000\040\000p\000h\000a\000s\000e}{section.98}% 68
\BOOKMARK [1][-]{section.133}{\376\377\0005\000.\0003\000\040\000S\000u\000p\000p\000l\000e\000m\000e\000n\000t\000a\000r\000y\000\040\000m\000a\000t\000e\000r\000i\000a\000l\000s}{chapter.96}% 69
\BOOKMARK [2][-]{subsection.134}{\376\377\0005\000.\0003\000.\0001\000\040\000S\000y\000n\000t\000h\000e\000t\000i\000c\000\040\000p\000r\000o\000c\000e\000d\000u\000r\000e\000s}{section.133}% 70
\BOOKMARK [3][-]{subsubsection.135}{\376\377\0005\000.\0003\000.\0001\000.\0001\000\040\000P\000r\000e\000p\000a\000r\000a\000t\000i\000o\000n\000\040\000o\000f\000\040\000d\000i\000s\000e\000l\000e\000n\000i\000d\000e}{subsection.134}% 71
\BOOKMARK [3][-]{subsubsection.136}{\376\377\0005\000.\0003\000.\0001\000.\0002\000\040\000P\000r\000e\000p\000a\000r\000a\000t\000i\000o\000n\000\040\000o\000f\000\040\000d\000i\000c\000h\000l\000o\000r\000i\000d\000e}{subsection.134}% 72
\BOOKMARK [3][-]{subsubsection.137}{\376\377\0005\000.\0003\000.\0001\000.\0003\000\040\000G\000e\000n\000e\000r\000a\000l\000\040\000p\000r\000o\000c\000e\000d\000u\000r\000e\000\040\000f\000o\000r\000\040\000t\000h\000e\000\040\000p\000r\000e\000p\000a\000r\000a\000t\000i\000o\000n\000\040\000o\000f\000\040\000b\000e\000n\000z\000i\000s\000o\000s\000e\000l\000e\000n\000a\000z\000o\000l\000i\000n\000o\000n\000e\000\040\000d\000e\000r\000i\000v\000a\000t\000i\000v\000e\000s}{subsection.134}% 73
\BOOKMARK [4][-]{section*.138}{\376\377\000E\000b\000s\000e\000l\000e\000n\000\040\000e\000b\000s\000.\000p\000h}{subsubsection.137}% 74
\BOOKMARK [4][-]{section*.139}{\376\377\0004\000-\000N\000i\000t\000r\000o\000\040\000e\000b\000s\000e\000l\000e\000n\000\040\000e\000b\000s\000.\0004\000n\000o\0002}{subsubsection.137}% 75
\BOOKMARK [4][-]{section*.140}{\376\377\0004\000-\000C\000y\000a\000n\000o\000\040\000e\000b\000s\000e\000l\000e\000n\000\040\000e\000b\000s\000.\0004\000c\000n}{subsubsection.137}% 76
\BOOKMARK [4][-]{section*.141}{\376\377\0004\000-\000T\000r\000i\000f\000l\000u\000o\000r\000o\000m\000e\000t\000h\000y\000l\000\040\000e\000b\000s\000e\000l\000e\000n\000\040\000e\000b\000s\000.\0004\000c\000f\0003}{subsubsection.137}% 77
\BOOKMARK [4][-]{section*.142}{\376\377\0004\000-\000B\000r\000o\000m\000o\000\040\000e\000b\000s\000e\000l\000e\000n\000\040\000e\000b\000s\000.\0004\000b\000r}{subsubsection.137}% 78
\BOOKMARK [4][-]{section*.143}{\376\377\0004\000-\000C\000a\000r\000b\000o\000x\000y\000e\000t\000h\000y\000l\000\040\000e\000b\000s\000e\000l\000e\000n\000\040\000e\000b\000s\000.\0004\000c\000o\0002\000e\000t}{subsubsection.137}% 79
\BOOKMARK [4][-]{section*.144}{\376\377\0004\000-\000M\000e\000t\000h\000y\000l\000\040\000e\000b\000s\000e\000l\000e\000n\000\040\000e\000b\000s\000.\0004\000m\000e}{subsubsection.137}% 80
\BOOKMARK [4][-]{section*.145}{\376\377\0004\000-\000M\000e\000t\000h\000o\000x\000y\000\040\000e\000b\000s\000e\000l\000e\000n\000\040\000e\000b\000s\000.\0004\000o\000m\000e}{subsubsection.137}% 81
\BOOKMARK [4][-]{section*.146}{\376\377\0004\000-\000E\000t\000h\000o\000x\000y\000\040\000e\000b\000s\000e\000l\000e\000n\000\040\000e\000b\000s\000.\0004\000o\000e\000t}{subsubsection.137}% 82
\BOOKMARK [2][-]{subsection.147}{\376\377\0005\000.\0003\000.\0002\000\040\000C\000r\000y\000s\000t\000a\000l\000l\000i\000s\000a\000t\000i\000o\000n\000\040\000m\000e\000t\000h\000o\000d\000s}{section.133}% 83
\BOOKMARK [-1][]{part.148}{\376\377\000I\000I\000\040\000C\000h\000a\000l\000c\000o\000g\000e\000n\000\040\000b\000o\000n\000d\000i\000n\000g\000\040\000a\000t\000\040\000o\000x\000y\000g\000e\000n}{}% 84
\BOOKMARK [0][-]{chapter.149}{\376\377\0006\000\040\000E\000x\000p\000e\000r\000i\000m\000e\000n\000t\000a\000l\000\040\000e\000v\000i\000d\000e\000n\000c\000e\000\040\000o\000f\000\040\000C\000h\000a\000l\000c\000o\000g\000e\000n\000\040\000b\000o\000n\000d\000i\000n\000g\000\040\000a\000t\000\040\000o\000x\000y\000g\000e\000n\000.}{part.148}% 85
\BOOKMARK [1][-]{section.151}{\376\377\0006\000.\0001\000\040\000A\000b\000s\000t\000r\000a\000c\000t}{chapter.149}% 86
\BOOKMARK [1][-]{section.152}{\376\377\0006\000.\0002\000\040\000I\000n\000t\000r\000o\000d\000u\000c\000t\000i\000o\000n}{chapter.149}% 87
\BOOKMARK [1][-]{section.154}{\376\377\0006\000.\0003\000\040\000R\000e\000s\000u\000l\000t\000s\000\040\000a\000n\000d\000\040\000D\000i\000s\000c\000u\000s\000s\000i\000o\000n}{chapter.149}% 88
\BOOKMARK [2][-]{subsection.155}{\376\377\0006\000.\0003\000.\0001\000\040\000S\000t\000r\000u\000c\000t\000u\000r\000a\000l\000\040\000e\000f\000f\000e\000c\000t\000s\000\040\000a\000t\000t\000r\000i\000b\000u\000t\000a\000b\000l\000e\000\040\000t\000o\000\040\000t\000h\000e\000\040\000C\000h\000-\000b\000o\000n\000d}{section.154}% 89
\BOOKMARK [2][-]{subsection.158}{\376\377\0006\000.\0003\000.\0002\000\040\000N\000B\000O\000\040\000c\000a\000l\000c\000u\000l\000a\000t\000i\000o\000n\000s}{section.154}% 90
\BOOKMARK [2][-]{subsection.160}{\376\377\0006\000.\0003\000.\0003\000\040\000Q\000T\000A\000I\000M\000\040\000a\000n\000a\000l\000y\000s\000i\000s\000\040\000o\000f\000\040\000e\000l\000e\000c\000t\000r\000o\000n\000\040\000d\000e\000n\000s\000i\000t\000y}{section.154}% 91
\BOOKMARK [2][-]{subsection.161}{\376\377\0006\000.\0003\000.\0004\000\040\000C\000S\000D\000\040\000s\000e\000a\000r\000c\000h\000\040\000f\000o\000r\000\040\000s\000i\000m\000i\000l\000a\000r\000\040\000s\000t\000r\000u\000c\000t\000u\000r\000e\000s}{section.154}% 92
\BOOKMARK [2][-]{subsection.164}{\376\377\0006\000.\0003\000.\0005\000\040\000A\000n\000a\000l\000y\000s\000i\000s\000\040\000o\000f\000\040\000a\000n\000a\000l\000o\000g\000u\000e\000s\000\040\000a\000n\000d\000\040\000d\000e\000t\000e\000r\000m\000i\000n\000a\000t\000i\000o\000n\000\040\000o\000f\000\040\000e\000x\000p\000e\000r\000i\000m\000e\000n\000t\000a\000l\000\040\000e\000l\000e\000c\000t\000r\000o\000n\000\040\000d\000e\000n\000s\000i\000t\000y}{section.154}% 93
